2018-07-29 12:48:54,260 INFO  main                             - 
Found 0 SOFABoot component health checkers:
Found 1 HealthIndicator checkers:
class org.springframework.boot.actuate.health.DiskSpaceHealthIndicator

2018-07-29 12:48:54,270 INFO  main                             - Begin first phase of the readiness check
2018-07-29 12:48:54,270 INFO  main                             - Begin SpringContext readiness check.
2018-07-29 12:48:54,270 INFO  main                             - SpringContext readiness check result: success.
2018-07-29 12:48:54,270 INFO  main                             - Begin SOFABoot component readiness check.
2018-07-29 12:48:54,270 INFO  main                             - SOFABoot component readiness check result: success.
2018-07-29 12:48:54,270 INFO  main                             - Begin HealthIndicator readiness check.
2018-07-29 12:48:54,270 INFO  main                             - HealthIndicator (class org.springframework.boot.actuate.health.DiskSpaceHealthIndicator)check success.
2018-07-29 12:48:54,270 INFO  main                             - Readiness check HealthIndicator result: success.
2018-07-29 12:48:54,270 INFO  main                             - first phase of the readiness check result: success
2018-07-29 12:48:54,270 INFO  main                             - Begin second phase of the readiness check
2018-07-29 12:48:54,270 INFO  main                             - Begin SofaBootMiddlewareAfterReadinessCheckCallback readiness check
2018-07-29 12:48:54,270 INFO  main                             - SofaBootMiddlewareAfterReadinessCheckCallback readiness check result: success.
2018-07-29 12:48:54,270 INFO  main                             - Begin SofaBootAfterReadinessCheckCallback readiness check
2018-07-29 12:48:54,270 INFO  main                             - SofaBootAfterReadinessCheckCallback readiness check result: success.
2018-07-29 12:48:54,270 INFO  main                             - SOFABoot readiness check callback : success.
2018-07-29 12:48:54,270 INFO  main                             - second phase of the readiness check result: success
2018-07-29 12:48:54,270 INFO  main                             - Readiness check result: success
2018-07-29 13:50:22,500 INFO  http-nio-8080-exec-6             - Begin SOFABoot component readiness check.
2018-07-29 13:50:22,500 INFO  http-nio-8080-exec-6             - SOFABoot component readiness check result: success.
2018-07-29 13:50:22,500 INFO  http-nio-8080-exec-6             - Begin SpringContext readiness check.
2018-07-29 13:50:22,500 INFO  http-nio-8080-exec-6             - SpringContext readiness check result: success.
