2018-07-29 12:35:31.886  INFO 9748 --- [main] com.example.demo.DemoApplicationTests    : Starting DemoApplicationTests on ZhangYouzhi-pc with PID 9748 (started by TanYuan in E:\酒店项目\demo)
2018-07-29 12:35:31.886  INFO 9748 --- [main] com.example.demo.DemoApplicationTests    : No active profile set, falling back to default profiles: default
2018-07-29 12:35:31.936  INFO 9748 --- [main] o.s.w.c.s.GenericWebApplicationContext   : Refreshing org.springframework.web.context.support.GenericWebApplicationContext@4d154ccd: startup date [Sun Jul 29 12:35:31 CST 2018]; root of context hierarchy
2018-07-29 12:35:34.133  INFO 9748 --- [main] o.s.w.s.handler.SimpleUrlHandlerMapping  : Mapped URL path [/**/favicon.ico] onto handler of type [class org.springframework.web.servlet.resource.ResourceHttpRequestHandler]
2018-07-29 12:35:34.479  INFO 9748 --- [main] s.w.s.m.m.a.RequestMappingHandlerAdapter : Looking for @ControllerAdvice: org.springframework.web.context.support.GenericWebApplicationContext@4d154ccd: startup date [Sun Jul 29 12:35:31 CST 2018]; root of context hierarchy
2018-07-29 12:35:34.589  INFO 9748 --- [main] s.w.s.m.m.a.RequestMappingHandlerMapping : Mapped "{[/error]}" onto public org.springframework.http.ResponseEntity<java.util.Map<java.lang.String, java.lang.Object>> org.springframework.boot.autoconfigure.web.servlet.error.BasicErrorController.error(javax.servlet.http.HttpServletRequest)
2018-07-29 12:35:34.589  INFO 9748 --- [main] s.w.s.m.m.a.RequestMappingHandlerMapping : Mapped "{[/error],produces=[text/html]}" onto public org.springframework.web.servlet.ModelAndView org.springframework.boot.autoconfigure.web.servlet.error.BasicErrorController.errorHtml(javax.servlet.http.HttpServletRequest,javax.servlet.http.HttpServletResponse)
2018-07-29 12:35:34.619  INFO 9748 --- [main] o.s.w.s.handler.SimpleUrlHandlerMapping  : Mapped URL path [/webjars/**] onto handler of type [class org.springframework.web.servlet.resource.ResourceHttpRequestHandler]
2018-07-29 12:35:34.619  INFO 9748 --- [main] o.s.w.s.handler.SimpleUrlHandlerMapping  : Mapped URL path [/**] onto handler of type [class org.springframework.web.servlet.resource.ResourceHttpRequestHandler]
2018-07-29 12:35:35.060  INFO 9748 --- [main] com.example.demo.DemoApplicationTests    : Started DemoApplicationTests in 3.614 seconds (JVM running for 5.983)
2018-07-29 12:35:35.170  INFO 9748 --- [Thread-2] o.s.w.c.s.GenericWebApplicationContext   : Closing org.springframework.web.context.support.GenericWebApplicationContext@4d154ccd: startup date [Sun Jul 29 12:35:31 CST 2018]; root of context hierarchy
2018-07-29 12:37:06.270  INFO 10064 --- [main] com.example.demo.DemoApplication         : Starting DemoApplication on ZhangYouzhi-pc with PID 10064 (started by TanYuan in E:\酒店项目\demo)
2018-07-29 12:37:06.275  INFO 10064 --- [main] com.example.demo.DemoApplication         : No active profile set, falling back to default profiles: default
2018-07-29 12:37:06.368  INFO 10064 --- [main] ConfigServletWebServerApplicationContext : Refreshing org.springframework.boot.web.servlet.context.AnnotationConfigServletWebServerApplicationContext@23529fee: startup date [Sun Jul 29 12:37:06 CST 2018]; root of context hierarchy
2018-07-29 12:37:08.283  INFO 10064 --- [main] o.s.b.w.embedded.tomcat.TomcatWebServer  : Tomcat initialized with port(s): 8080 (http)
2018-07-29 12:37:08.323  INFO 10064 --- [main] o.apache.catalina.core.StandardService   : Starting service [Tomcat]
2018-07-29 12:37:08.323  INFO 10064 --- [main] org.apache.catalina.core.StandardEngine  : Starting Servlet Engine: Apache Tomcat/8.5.31
2018-07-29 12:37:08.343  INFO 10064 --- [localhost-startStop-1] o.a.catalina.core.AprLifecycleListener   : The APR based Apache Tomcat Native library which allows optimal performance in production environments was not found on the java.library.path: [C:\Program Files\Java\jdk1.8.0_101\bin;C:\Windows\Sun\Java\bin;C:\Windows\system32;C:\Windows;C:\Program Files\Java\jdk1.8.0_101\bin;C:\ProgramData\Oracle\Java\javapath;C:\Program Files (x86)\Common Files\NetSarang;C:\Windows\system32;C:\Windows;C:\Windows\System32\Wbem;C:\Windows\System32\WindowsPowerShell\v1.0\;D:\Program Files\TortoiseSVN\bin;E:\apache-maven-3.3.3\bin;E:\xwg\bin;C:\Program Files\nodejs\;C:\gradle-3.0-all\gradle-3.0/bin;D:\MySql\bin;C:\Users\ZhangYouzhi\AppData\Roaming\npm;C:\Users\ZhangYouzhi\AppData\Local\atom\bin;E:\Git\cmd;;.]
2018-07-29 12:37:08.481  INFO 10064 --- [localhost-startStop-1] o.a.c.c.C.[Tomcat].[localhost].[/]       : Initializing Spring embedded WebApplicationContext
2018-07-29 12:37:08.481  INFO 10064 --- [localhost-startStop-1] o.s.web.context.ContextLoader            : Root WebApplicationContext: initialization completed in 2114 ms
2018-07-29 12:37:08.632  INFO 10064 --- [localhost-startStop-1] o.s.b.w.servlet.ServletRegistrationBean  : Servlet dispatcherServlet mapped to [/]
2018-07-29 12:37:08.642  INFO 10064 --- [localhost-startStop-1] o.s.b.w.servlet.FilterRegistrationBean   : Mapping filter: 'characterEncodingFilter' to: [/*]
2018-07-29 12:37:08.642  INFO 10064 --- [localhost-startStop-1] o.s.b.w.servlet.FilterRegistrationBean   : Mapping filter: 'hiddenHttpMethodFilter' to: [/*]
2018-07-29 12:37:08.642  INFO 10064 --- [localhost-startStop-1] o.s.b.w.servlet.FilterRegistrationBean   : Mapping filter: 'httpPutFormContentFilter' to: [/*]
2018-07-29 12:37:08.642  INFO 10064 --- [localhost-startStop-1] o.s.b.w.servlet.FilterRegistrationBean   : Mapping filter: 'requestContextFilter' to: [/*]
2018-07-29 12:37:08.803  INFO 10064 --- [main] o.s.w.s.handler.SimpleUrlHandlerMapping  : Mapped URL path [/**/favicon.ico] onto handler of type [class org.springframework.web.servlet.resource.ResourceHttpRequestHandler]
2018-07-29 12:37:09.058  INFO 10064 --- [main] s.w.s.m.m.a.RequestMappingHandlerAdapter : Looking for @ControllerAdvice: org.springframework.boot.web.servlet.context.AnnotationConfigServletWebServerApplicationContext@23529fee: startup date [Sun Jul 29 12:37:06 CST 2018]; root of context hierarchy
2018-07-29 12:37:09.166  INFO 10064 --- [main] s.w.s.m.m.a.RequestMappingHandlerMapping : Mapped "{[/error]}" onto public org.springframework.http.ResponseEntity<java.util.Map<java.lang.String, java.lang.Object>> org.springframework.boot.autoconfigure.web.servlet.error.BasicErrorController.error(javax.servlet.http.HttpServletRequest)
2018-07-29 12:37:09.168  INFO 10064 --- [main] s.w.s.m.m.a.RequestMappingHandlerMapping : Mapped "{[/error],produces=[text/html]}" onto public org.springframework.web.servlet.ModelAndView org.springframework.boot.autoconfigure.web.servlet.error.BasicErrorController.errorHtml(javax.servlet.http.HttpServletRequest,javax.servlet.http.HttpServletResponse)
2018-07-29 12:37:09.200  INFO 10064 --- [main] o.s.w.s.handler.SimpleUrlHandlerMapping  : Mapped URL path [/webjars/**] onto handler of type [class org.springframework.web.servlet.resource.ResourceHttpRequestHandler]
2018-07-29 12:37:09.200  INFO 10064 --- [main] o.s.w.s.handler.SimpleUrlHandlerMapping  : Mapped URL path [/**] onto handler of type [class org.springframework.web.servlet.resource.ResourceHttpRequestHandler]
2018-07-29 12:37:09.386  INFO 10064 --- [main] o.s.j.e.a.AnnotationMBeanExporter        : Registering beans for JMX exposure on startup
2018-07-29 12:37:09.446  INFO 10064 --- [main] o.s.b.w.embedded.tomcat.TomcatWebServer  : Tomcat started on port(s): 8080 (http) with context path ''
2018-07-29 12:37:09.456  INFO 10064 --- [main] com.example.demo.DemoApplication         : Started DemoApplication in 3.746 seconds (JVM running for 4.37)
2018-07-29 12:37:48.571  INFO 10064 --- [http-nio-8080-exec-1] o.a.c.c.C.[Tomcat].[localhost].[/]       : Initializing Spring FrameworkServlet 'dispatcherServlet'
2018-07-29 12:37:48.571  INFO 10064 --- [http-nio-8080-exec-1] o.s.web.servlet.DispatcherServlet        : FrameworkServlet 'dispatcherServlet': initialization started
2018-07-29 12:37:48.595  INFO 10064 --- [http-nio-8080-exec-1] o.s.web.servlet.DispatcherServlet        : FrameworkServlet 'dispatcherServlet': initialization completed in 24 ms
2018-07-29 12:48:49.826  INFO 10664 --- [main] com.alipay.sofa.common.log               : Sofa-Middleware-Log SLF4J : Actual logging.path is [ ./logs ]
2018-07-29 12:48:49.836  INFO 10664 --- [main] com.alipay.sofa.common.log               : Sofa-Middleware-Log SLF4J : Actual binding is of type [ com.alipay.sofa.infra Logback ]
2018-07-29 12:48:50.186  INFO 10664 --- [main] com.alipay.sofa.common.log               : Sofa-Middleware-Log SLF4J : Actual binding is of type [ com.alipay.sofa.healthcheck Logback ]
2018-07-29 12:48:50.270  INFO 10664 --- [main] com.example.demo.DemoApplication         : Starting DemoApplication on ZhangYouzhi-pc with PID 10664 (started by TanYuan in E:\酒店项目\demo)
2018-07-29 12:48:50.271  INFO 10664 --- [main] com.example.demo.DemoApplication         : No active profile set, falling back to default profiles: default
2018-07-29 12:48:50.340  INFO 10664 --- [main] ationConfigEmbeddedWebApplicationContext : Refreshing org.springframework.boot.context.embedded.AnnotationConfigEmbeddedWebApplicationContext@5c5eefef: startup date [Sun Jul 29 12:48:50 CST 2018]; root of context hierarchy
2018-07-29 12:48:52.520  INFO 10664 --- [main] s.b.c.e.t.TomcatEmbeddedServletContainer : Tomcat initialized with port(s): 8080 (http)
2018-07-29 12:48:52.532  INFO 10664 --- [main] o.apache.catalina.core.StandardService   : Starting service Tomcat
2018-07-29 12:48:52.534  INFO 10664 --- [main] org.apache.catalina.core.StandardEngine  : Starting Servlet Engine: Apache Tomcat/8.5.6
2018-07-29 12:48:52.654  INFO 10664 --- [localhost-startStop-1] o.a.c.c.C.[Tomcat].[localhost].[/]       : Initializing Spring embedded WebApplicationContext
2018-07-29 12:48:52.654  INFO 10664 --- [localhost-startStop-1] o.s.web.context.ContextLoader            : Root WebApplicationContext: initialization completed in 2314 ms
2018-07-29 12:48:52.952  INFO 10664 --- [localhost-startStop-1] o.s.b.w.servlet.ServletRegistrationBean  : Mapping servlet: 'dispatcherServlet' to [/]
2018-07-29 12:48:52.959  INFO 10664 --- [localhost-startStop-1] o.s.b.w.servlet.FilterRegistrationBean   : Mapping filter: 'metricsFilter' to: [/*]
2018-07-29 12:48:52.960  INFO 10664 --- [localhost-startStop-1] o.s.b.w.servlet.FilterRegistrationBean   : Mapping filter: 'characterEncodingFilter' to: [/*]
2018-07-29 12:48:52.960  INFO 10664 --- [localhost-startStop-1] o.s.b.w.servlet.FilterRegistrationBean   : Mapping filter: 'hiddenHttpMethodFilter' to: [/*]
2018-07-29 12:48:52.961  INFO 10664 --- [localhost-startStop-1] o.s.b.w.servlet.FilterRegistrationBean   : Mapping filter: 'httpPutFormContentFilter' to: [/*]
2018-07-29 12:48:52.961  INFO 10664 --- [localhost-startStop-1] o.s.b.w.servlet.FilterRegistrationBean   : Mapping filter: 'requestContextFilter' to: [/*]
2018-07-29 12:48:52.961  INFO 10664 --- [localhost-startStop-1] o.s.b.w.servlet.FilterRegistrationBean   : Mapping filter: 'webRequestLoggingFilter' to: [/*]
2018-07-29 12:48:52.961  INFO 10664 --- [localhost-startStop-1] o.s.b.w.servlet.FilterRegistrationBean   : Mapping filter: 'applicationContextIdFilter' to: [/*]
2018-07-29 12:48:53.376  INFO 10664 --- [main] s.w.s.m.m.a.RequestMappingHandlerAdapter : Looking for @ControllerAdvice: org.springframework.boot.context.embedded.AnnotationConfigEmbeddedWebApplicationContext@5c5eefef: startup date [Sun Jul 29 12:48:50 CST 2018]; root of context hierarchy
2018-07-29 12:48:53.466  INFO 10664 --- [main] s.w.s.m.m.a.RequestMappingHandlerMapping : Mapped "{[/error]}" onto public org.springframework.http.ResponseEntity<java.util.Map<java.lang.String, java.lang.Object>> org.springframework.boot.autoconfigure.web.BasicErrorController.error(javax.servlet.http.HttpServletRequest)
2018-07-29 12:48:53.466  INFO 10664 --- [main] s.w.s.m.m.a.RequestMappingHandlerMapping : Mapped "{[/error],produces=[text/html]}" onto public org.springframework.web.servlet.ModelAndView org.springframework.boot.autoconfigure.web.BasicErrorController.errorHtml(javax.servlet.http.HttpServletRequest,javax.servlet.http.HttpServletResponse)
2018-07-29 12:48:53.506  INFO 10664 --- [main] o.s.w.s.handler.SimpleUrlHandlerMapping  : Mapped URL path [/webjars/**] onto handler of type [class org.springframework.web.servlet.resource.ResourceHttpRequestHandler]
2018-07-29 12:48:53.506  INFO 10664 --- [main] o.s.w.s.handler.SimpleUrlHandlerMapping  : Mapped URL path [/**] onto handler of type [class org.springframework.web.servlet.resource.ResourceHttpRequestHandler]
2018-07-29 12:48:53.566  INFO 10664 --- [main] o.s.w.s.handler.SimpleUrlHandlerMapping  : Mapped URL path [/**/favicon.ico] onto handler of type [class org.springframework.web.servlet.resource.ResourceHttpRequestHandler]
2018-07-29 12:48:53.987  INFO 10664 --- [main] o.s.b.a.e.mvc.EndpointHandlerMapping     : Mapped "{[/mappings || /mappings.json],methods=[GET],produces=[application/json]}" onto public java.lang.Object org.springframework.boot.actuate.endpoint.mvc.EndpointMvcAdapter.invoke()
2018-07-29 12:48:53.987  INFO 10664 --- [main] o.s.b.a.e.mvc.EndpointHandlerMapping     : Mapped "{[/trace || /trace.json],methods=[GET],produces=[application/json]}" onto public java.lang.Object org.springframework.boot.actuate.endpoint.mvc.EndpointMvcAdapter.invoke()
2018-07-29 12:48:53.997  INFO 10664 --- [main] o.s.b.a.e.mvc.EndpointHandlerMapping     : Mapped "{[/health || /health.json],produces=[application/json]}" onto public java.lang.Object org.springframework.boot.actuate.endpoint.mvc.HealthMvcEndpoint.invoke(java.security.Principal)
2018-07-29 12:48:53.997  INFO 10664 --- [main] o.s.b.a.e.mvc.EndpointHandlerMapping     : Mapped "{[/env/{name:.*}],methods=[GET],produces=[application/json]}" onto public java.lang.Object org.springframework.boot.actuate.endpoint.mvc.EnvironmentMvcEndpoint.value(java.lang.String)
2018-07-29 12:48:53.997  INFO 10664 --- [main] o.s.b.a.e.mvc.EndpointHandlerMapping     : Mapped "{[/env || /env.json],methods=[GET],produces=[application/json]}" onto public java.lang.Object org.springframework.boot.actuate.endpoint.mvc.EndpointMvcAdapter.invoke()
2018-07-29 12:48:53.997  INFO 10664 --- [main] o.s.b.a.e.mvc.EndpointHandlerMapping     : Mapped "{[/heapdump || /heapdump.json],methods=[GET],produces=[application/octet-stream]}" onto public void org.springframework.boot.actuate.endpoint.mvc.HeapdumpMvcEndpoint.invoke(boolean,javax.servlet.http.HttpServletRequest,javax.servlet.http.HttpServletResponse) throws java.io.IOException,javax.servlet.ServletException
2018-07-29 12:48:53.997  INFO 10664 --- [main] o.s.b.a.e.mvc.EndpointHandlerMapping     : Mapped "{[/configprops || /configprops.json],methods=[GET],produces=[application/json]}" onto public java.lang.Object org.springframework.boot.actuate.endpoint.mvc.EndpointMvcAdapter.invoke()
2018-07-29 12:48:53.997  INFO 10664 --- [main] o.s.b.a.e.mvc.EndpointHandlerMapping     : Mapped "{[/sofaboot/versions || /sofaboot/versions.json],produces=[application/json]}" onto public java.lang.Object com.alipay.sofa.infra.endpoint.SofaBootVersionEndpointMvcAdapter.invoke()
2018-07-29 12:48:53.997  INFO 10664 --- [main] o.s.b.a.e.mvc.EndpointHandlerMapping     : Mapped "{[/dump || /dump.json],methods=[GET],produces=[application/json]}" onto public java.lang.Object org.springframework.boot.actuate.endpoint.mvc.EndpointMvcAdapter.invoke()
2018-07-29 12:48:53.997  INFO 10664 --- [main] o.s.b.a.e.mvc.EndpointHandlerMapping     : Mapped "{[/logfile || /logfile.json],methods=[GET || HEAD]}" onto public void org.springframework.boot.actuate.endpoint.mvc.LogFileMvcEndpoint.invoke(javax.servlet.http.HttpServletRequest,javax.servlet.http.HttpServletResponse) throws javax.servlet.ServletException,java.io.IOException
2018-07-29 12:48:53.997  INFO 10664 --- [main] o.s.b.a.e.mvc.EndpointHandlerMapping     : Mapped "{[/health/readiness || /health/readiness.json],produces=[application/json]}" onto public java.lang.Object com.alipay.sofa.healthcheck.service.SofaBootReadinessCheckMvcEndpoint.invoke(java.security.Principal)
2018-07-29 12:48:53.997  INFO 10664 --- [main] o.s.b.a.e.mvc.EndpointHandlerMapping     : Mapped "{[/beans || /beans.json],methods=[GET],produces=[application/json]}" onto public java.lang.Object org.springframework.boot.actuate.endpoint.mvc.EndpointMvcAdapter.invoke()
2018-07-29 12:48:54.007  INFO 10664 --- [main] o.s.b.a.e.mvc.EndpointHandlerMapping     : Mapped "{[/autoconfig || /autoconfig.json],methods=[GET],produces=[application/json]}" onto public java.lang.Object org.springframework.boot.actuate.endpoint.mvc.EndpointMvcAdapter.invoke()
2018-07-29 12:48:54.007  INFO 10664 --- [main] o.s.b.a.e.mvc.EndpointHandlerMapping     : Mapped "{[/info || /info.json],methods=[GET],produces=[application/json]}" onto public java.lang.Object org.springframework.boot.actuate.endpoint.mvc.EndpointMvcAdapter.invoke()
2018-07-29 12:48:54.007  INFO 10664 --- [main] o.s.b.a.e.mvc.EndpointHandlerMapping     : Mapped "{[/metrics/{name:.*}],methods=[GET],produces=[application/json]}" onto public java.lang.Object org.springframework.boot.actuate.endpoint.mvc.MetricsMvcEndpoint.value(java.lang.String)
2018-07-29 12:48:54.007  INFO 10664 --- [main] o.s.b.a.e.mvc.EndpointHandlerMapping     : Mapped "{[/metrics || /metrics.json],methods=[GET],produces=[application/json]}" onto public java.lang.Object org.springframework.boot.actuate.endpoint.mvc.EndpointMvcAdapter.invoke()
2018-07-29 12:48:54.131  INFO 10664 --- [main] o.s.j.e.a.AnnotationMBeanExporter        : Registering beans for JMX exposure on startup
2018-07-29 12:48:54.142  INFO 10664 --- [main] o.s.c.support.DefaultLifecycleProcessor  : Starting beans in phase 0
2018-07-29 12:48:54.352  INFO 10664 --- [main] s.b.c.e.t.TomcatEmbeddedServletContainer : Tomcat started on port(s): 8080 (http)
2018-07-29 12:48:54.355  INFO 10664 --- [main] com.example.demo.DemoApplication         : Started DemoApplication in 5.201 seconds (JVM running for 5.726)
2018-07-29 12:49:27.743  INFO 10664 --- [http-nio-8080-exec-1] o.a.c.c.C.[Tomcat].[localhost].[/]       : Initializing Spring FrameworkServlet 'dispatcherServlet'
2018-07-29 12:49:27.743  INFO 10664 --- [http-nio-8080-exec-1] o.s.web.servlet.DispatcherServlet        : FrameworkServlet 'dispatcherServlet': initialization started
2018-07-29 12:49:27.773  INFO 10664 --- [http-nio-8080-exec-1] o.s.web.servlet.DispatcherServlet        : FrameworkServlet 'dispatcherServlet': initialization completed in 30 ms
